<html>
<head>
<title>TestNG:  Test</title>
<link href="../testng.css" rel="stylesheet" type="text/css" />
<link href="../my-testng.css" rel="stylesheet" type="text/css" />

<style type="text/css">
.log { display: none;} 
.stack-trace { display: none;} 
</style>
<script type="text/javascript">
<!--
function flip(e) {
  current = e.style.display;
  if (current == 'block') {
    e.style.display = 'none';
    return 0;
  }
  else {
    e.style.display = 'block';
    return 1;
  }
}

function toggleBox(szDivId, elem, msg1, msg2)
{
  var res = -1;  if (document.getElementById) {
    res = flip(document.getElementById(szDivId));
  }
  else if (document.all) {
    // this is the way old msie versions work
    res = flip(document.all[szDivId]);
  }
  if(elem) {
    if(res == 0) elem.innerHTML = msg1; else elem.innerHTML = msg2;
  }

}

function toggleAllBoxes() {
  if (document.getElementsByTagName) {
    d = document.getElementsByTagName('div');
    for (i = 0; i < d.length; i++) {
      if (d[i].className == 'log') {
        flip(d[i]);
      }
    }
  }
}

// -->
</script>

</head>
<body>
<h2 align='center'>Test</h2><table border='1' align="center">
<tr>
<td>Tests passed/Failed/Skipped:</td><td>4/2/0</td>
</tr><tr>
<td>Started on:</td><td>Sat Dec 29 16:26:22 CST 2018</td>
</tr>
<tr><td>Total time:</td><td>11 seconds (11732 ms)</td>
</tr><tr>
<td>Included groups:</td><td></td>
</tr><tr>
<td>Excluded groups:</td><td></td>
</tr>
</table><p/>
<small><i>(Hover the method name to see the test class name)</i></small><p/>
<table width='100%' border='1' class='invocation-failed'>
<tr><td colspan='4' align='center'><b>FAILED TESTS</b></td></tr>
<tr><td><b>Test method</b></td>
<td width="30%"><b>Exception</b></td>
<td width="10%"><b>Time (seconds)</b></td>
<td><b>Instance</b></td>
</tr>
<tr>
<td title='com.testng.testng.api.APITest.f()'><b>f</b><br>Test class: com.testng.testng.api.APITest<br>Parameters: CaseModel [caseName=用户注册, stepModels=[StepModel [step=正确注册, url=http://localhost:8080/register, action=post
, value={param:{'user':'testname','pwd':'000000'}}, expect={"body":{"result":{"user":"testname","pwd":"000000"}},"status":"成功"}]
]]
</td>
<td><div><pre>java.lang.AssertionError: expected [{&quot;body&quot;:{&quot;result&quot;:{&quot;user&quot;:&quot;testname&quot;,&quot;pwd&quot;:&quot;000000&quot;}},&quot;status&quot;:&quot;成功&quot;}] but found [{&quot;body&quot;:{&quot;result&quot;:&quot;换个用户名&quot;},&quot;status&quot;:&quot;失败&quot;}]
	at com.testng.testng.api.APITest.doCase(APITest.java:38)
	at com.testng.testng.api.APITest.f(APITest.java:26)
... Removed 31 stack frames</pre></div><a href='#' onClick='toggleBox("stack-trace889891977", this, "Click to show all stack frames", "Click to hide stack frames")'>Click to show all stack frames</a>
<div class='stack-trace' id='stack-trace889891977'><pre>java.lang.AssertionError: expected [{&quot;body&quot;:{&quot;result&quot;:{&quot;user&quot;:&quot;testname&quot;,&quot;pwd&quot;:&quot;000000&quot;}},&quot;status&quot;:&quot;成功&quot;}] but found [{&quot;body&quot;:{&quot;result&quot;:&quot;换个用户名&quot;},&quot;status&quot;:&quot;失败&quot;}]
	at org.testng.Assert.fail(Assert.java:96)
	at org.testng.Assert.failNotEquals(Assert.java:776)
	at org.testng.Assert.assertEqualsImpl(Assert.java:137)
	at org.testng.Assert.assertEquals(Assert.java:118)
	at org.testng.Assert.assertEquals(Assert.java:453)
	at org.testng.Assert.assertEquals(Assert.java:463)
	at com.testng.testng.api.APITest.doCase(APITest.java:38)
	at com.testng.testng.api.APITest.f(APITest.java:26)
	at sun.reflect.NativeMethodAccessorImpl.invoke0(Native Method)
	at sun.reflect.NativeMethodAccessorImpl.invoke(NativeMethodAccessorImpl.java:62)
	at sun.reflect.DelegatingMethodAccessorImpl.invoke(DelegatingMethodAccessorImpl.java:43)
	at java.lang.reflect.Method.invoke(Method.java:498)
	at org.testng.internal.MethodInvocationHelper.invokeMethod(MethodInvocationHelper.java:124)
	at org.testng.internal.Invoker.invokeMethod(Invoker.java:580)
	at org.testng.internal.Invoker.invokeTestMethod(Invoker.java:716)
	at org.testng.internal.Invoker.invokeTestMethods(Invoker.java:988)
	at org.testng.internal.TestMethodWorker.invokeTestMethods(TestMethodWorker.java:125)
	at org.testng.internal.TestMethodWorker.run(TestMethodWorker.java:109)
	at org.testng.TestRunner.privateRun(TestRunner.java:648)
	at org.testng.TestRunner.run(TestRunner.java:505)
	at org.testng.SuiteRunner.runTest(SuiteRunner.java:455)
	at org.testng.SuiteRunner.runSequentially(SuiteRunner.java:450)
	at org.testng.SuiteRunner.privateRun(SuiteRunner.java:415)
	at org.testng.SuiteRunner.run(SuiteRunner.java:364)
	at org.testng.SuiteRunnerWorker.runSuite(SuiteRunnerWorker.java:52)
	at org.testng.SuiteRunnerWorker.run(SuiteRunnerWorker.java:84)
	at org.testng.TestNG.runSuitesSequentially(TestNG.java:1208)
	at org.testng.TestNG.runSuitesLocally(TestNG.java:1137)
	at org.testng.TestNG.runSuites(TestNG.java:1049)
	at org.testng.TestNG.run(TestNG.java:1017)
	at org.testng.remote.AbstractRemoteTestNG.run(AbstractRemoteTestNG.java:114)
	at org.testng.remote.RemoteTestNG.initAndRun(RemoteTestNG.java:251)
	at org.testng.remote.RemoteTestNG.main(RemoteTestNG.java:77)
</pre></div></td>
<td>0</td>
<td>com.testng.testng.api.APITest@394a2528</td></tr>
<tr>
<td title='com.testng.testng.web.WebTest.f()'><b>f</b><br>Test class: com.testng.testng.web.WebTest<br>Parameters: CaseModel [caseName=错误用例, stepModels=[StepModel [step=打开搜百度首页, Element=ElementModel [elementName=百度url, elementValue=https://www.baidu.com/, elementByType=url]
, action=get
, value=null, expect=null]
, StepModel [step=输入测试, Element=ElementModel [elementName=搜索输入框, elementValue=//*[@id="kw"], elementByType=XPath]
, action=sendkeys
, value=测试, expect=null]
, StepModel [step=点击搜索, Element=ElementModel [elementName=搜索按钮, elementValue=//*[@id="su"], elementByType=XPath]
, action=click
, value=null, expect=null]
, StepModel [step=检查搜索结果, Element=ElementModel [elementName=关键字标记, elementValue=//em[1], elementByType=XPath]
, action=gettext
, value=测试, expect=测试1]
]]</td>
<td><div><pre>java.lang.AssertionError: expected [测试] but found [测试1]
	at TestAutomationZ.Selenium.WebElementZ.ElementAction(WebElementZ.java:71)
	at com.testng.testng.web.WebTest.doCase(WebTest.java:65)
	at com.testng.testng.web.WebTest.f(WebTest.java:25)
... Removed 35 stack frames</pre></div><a href='#' onClick='toggleBox("stack-trace1543518287", this, "Click to show all stack frames", "Click to hide stack frames")'>Click to show all stack frames</a>
<div class='stack-trace' id='stack-trace1543518287'><pre>java.lang.AssertionError: expected [测试] but found [测试1]
	at org.testng.Assert.fail(Assert.java:96)
	at org.testng.Assert.failNotEquals(Assert.java:776)
	at org.testng.Assert.assertEqualsImpl(Assert.java:137)
	at org.testng.Assert.assertEquals(Assert.java:118)
	at org.testng.Assert.assertEquals(Assert.java:453)
	at org.testng.Assert.assertEquals(Assert.java:463)
	at org.testng.asserts.Assertion$11.doAssert(Assertion.java:201)
	at org.testng.asserts.Assertion.executeAssert(Assertion.java:30)
	at org.testng.asserts.Assertion.doAssert(Assertion.java:15)
	at org.testng.asserts.Assertion.assertEquals(Assertion.java:198)
	at TestAutomationZ.Selenium.WebElementZ.ElementAction(WebElementZ.java:71)
	at com.testng.testng.web.WebTest.doCase(WebTest.java:65)
	at com.testng.testng.web.WebTest.f(WebTest.java:25)
	at sun.reflect.NativeMethodAccessorImpl.invoke0(Native Method)
	at sun.reflect.NativeMethodAccessorImpl.invoke(NativeMethodAccessorImpl.java:62)
	at sun.reflect.DelegatingMethodAccessorImpl.invoke(DelegatingMethodAccessorImpl.java:43)
	at java.lang.reflect.Method.invoke(Method.java:498)
	at org.testng.internal.MethodInvocationHelper.invokeMethod(MethodInvocationHelper.java:124)
	at org.testng.internal.Invoker.invokeMethod(Invoker.java:580)
	at org.testng.internal.Invoker.invokeTestMethod(Invoker.java:716)
	at org.testng.internal.Invoker.invokeTestMethods(Invoker.java:988)
	at org.testng.internal.TestMethodWorker.invokeTestMethods(TestMethodWorker.java:125)
	at org.testng.internal.TestMethodWorker.run(TestMethodWorker.java:109)
	at org.testng.TestRunner.privateRun(TestRunner.java:648)
	at org.testng.TestRunner.run(TestRunner.java:505)
	at org.testng.SuiteRunner.runTest(SuiteRunner.java:455)
	at org.testng.SuiteRunner.runSequentially(SuiteRunner.java:450)
	at org.testng.SuiteRunner.privateRun(SuiteRunner.java:415)
	at org.testng.SuiteRunner.run(SuiteRunner.java:364)
	at org.testng.SuiteRunnerWorker.runSuite(SuiteRunnerWorker.java:52)
	at org.testng.SuiteRunnerWorker.run(SuiteRunnerWorker.java:84)
	at org.testng.TestNG.runSuitesSequentially(TestNG.java:1208)
	at org.testng.TestNG.runSuitesLocally(TestNG.java:1137)
	at org.testng.TestNG.runSuites(TestNG.java:1049)
	at org.testng.TestNG.run(TestNG.java:1017)
	at org.testng.remote.AbstractRemoteTestNG.run(AbstractRemoteTestNG.java:114)
	at org.testng.remote.RemoteTestNG.initAndRun(RemoteTestNG.java:251)
	at org.testng.remote.RemoteTestNG.main(RemoteTestNG.java:77)
</pre></div></td>
<td>2</td>
<td>com.testng.testng.web.WebTest@313b2ea6</td></tr>
</table><p>
<table width='100%' border='1' class='invocation-passed'>
<tr><td colspan='4' align='center'><b>PASSED TESTS</b></td></tr>
<tr><td><b>Test method</b></td>
<td width="30%"><b>Exception</b></td>
<td width="10%"><b>Time (seconds)</b></td>
<td><b>Instance</b></td>
</tr>
<tr>
<td title='com.testng.testng.api.APITest.f()'><b>f</b><br>Test class: com.testng.testng.api.APITest<br>Parameters: CaseModel [caseName=查询用户名, stepModels=[StepModel [step=查询已存在的用户, url=http://localhost:8080/selectUser, action=get
, value={param:{'name':'123'},headers:{"Cookie":"testcookie=test"}}, expect={"body":{"result":"用户名已存在"},"status":"成功"}]
]]
</td>
<td></td>
<td>0</td>
<td>com.testng.testng.api.APITest@394a2528</td></tr>
<tr>
<td title='com.testng.testng.api.APITest.f()'><b>f</b><br>Test class: com.testng.testng.api.APITest<br>Parameters: CaseModel [caseName=查询不存在的用户, stepModels=[StepModel [step=查询不存在的用户, url=http://localhost:8080/selectUser, action=get
, value={param:{'name':'fdsafdsa'}}, expect={"body":{"result":"用户名不存在"},"status":"成功"}]
]]
</td>
<td></td>
<td>0</td>
<td>com.testng.testng.api.APITest@394a2528</td></tr>
<tr>
<td title='com.testng.testng.api.APITest.f()'><b>f</b><br>Test class: com.testng.testng.api.APITest<br>Parameters: CaseModel [caseName=不传用户名注册, stepModels=[StepModel [step=不输入用户名, url=http://localhost:8080/register, action=post
, value={param:{'pwd':'000000'}}, expect={"body":{"result":"用户名或密码不能为空"},"status":"失败"}]
]]
</td>
<td></td>
<td>0</td>
<td>com.testng.testng.api.APITest@394a2528</td></tr>
<tr>
<td title='com.testng.testng.web.WebTest.f()'><b>f</b><br>Test class: com.testng.testng.web.WebTest<br>Parameters: CaseModel [caseName=百度搜索, stepModels=[StepModel [step=打开搜百度首页, Element=ElementModel [elementName=百度url, elementValue=https://www.baidu.com/, elementByType=url]
, action=get
, value=null, expect=null]
, StepModel [step=输入测试, Element=ElementModel [elementName=搜索输入框, elementValue=//*[@id="kw"], elementByType=XPath]
, action=sendkeys
, value=测试, expect=null]
, StepModel [step=点击搜索, Element=ElementModel [elementName=搜索按钮, elementValue=//*[@id="su"], elementByType=XPath]
, action=click
, value=null, expect=null]
, StepModel [step=检查搜索结果, Element=ElementModel [elementName=关键字标记, elementValue=//em[1], elementByType=XPath]
, action=gettext
, value=测试, expect=测试]
]]</td>
<td></td>
<td>8</td>
<td>com.testng.testng.web.WebTest@313b2ea6</td></tr>
</table><p>
</body>
</html>